


ARM Macro Assembler    Page 1 


    1 00000000         ;****************** main.s ***************
    2 00000000         ; Program written by: ***Your Names**update this***
    3 00000000         ; Date Created: 2/4/2017
    4 00000000         ; Last Modified: 1/17/2020
    5 00000000         ; Brief description of the program
    6 00000000         ;   The LED toggles at 2 Hz and a varying duty-cycle
    7 00000000         ; Hardware connections (External: One button and one LED
                       )
    8 00000000         ;  PE1 is Button input  (1 means pressed, 0 means not pr
                       essed)
    9 00000000         ;  PE2 is LED output (1 activates external LED on protob
                       oard)
   10 00000000         ;  PF4 is builtin button SW1 on Launchpad (Internal) 
   11 00000000         ;        Negative Logic (0 means pressed, 1 means not pr
                       essed)
   12 00000000         ; Overall functionality of this system is to operate lik
                       e this
   13 00000000         ;   1) Make PE2 an output and make PE1 and PF4 inputs.
   14 00000000         ;   2) The system starts with the the LED toggling at 2H
                       z,
   15 00000000         ;      which is 2 times per second with a duty-cycle of 
                       30%.
   16 00000000         ;      Therefore, the LED is ON for 150ms and off for 35
                       0 ms.
   17 00000000         ;   3) When the button (PE1) is pressed-and-released inc
                       rease
   18 00000000         ;      the duty cycle by 20% (modulo 100%). Therefore fo
                       r each
   19 00000000         ;      press-and-release the duty cycle changes from 30%
                        to 70% to 70%
   20 00000000         ;      to 90% to 10% to 30% so on
   21 00000000         ;   4) Implement a "breathing LED" when SW1 (PF4) on the
                        Launchpad is pressed:
   22 00000000         ;      a) Be creative and play around with what "breathi
                       ng" means.
   23 00000000         ;         An example of "breathing" is most computers po
                       wer LED in sleep mode
   24 00000000         ;         (e.g., https://www.youtube.com/watch?v=ZT6siXy
                       IjvQ).
   25 00000000         ;      b) When (PF4) is released while in breathing mode
                       , resume blinking at 2Hz.
   26 00000000         ;         The duty cycle can either match the most recen
                       t duty-
   27 00000000         ;         cycle or reset to 30%.
   28 00000000         ;      TIP: debugging the breathing LED algorithm using 
                       the real board.
   29 00000000         ; PortE device registers
   30 00000000 400243FC 
                       GPIO_PORTE_DATA_R
                               EQU              0x400243FC
   31 00000000 40024400 
                       GPIO_PORTE_DIR_R
                               EQU              0x40024400
   32 00000000 40024420 
                       GPIO_PORTE_AFSEL_R
                               EQU              0x40024420
   33 00000000 4002451C 
                       GPIO_PORTE_DEN_R
                               EQU              0x4002451C



ARM Macro Assembler    Page 2 


   34 00000000         ; PortF device registers
   35 00000000 400253FC 
                       GPIO_PORTF_DATA_R
                               EQU              0x400253FC
   36 00000000 40025400 
                       GPIO_PORTF_DIR_R
                               EQU              0x40025400
   37 00000000 40025420 
                       GPIO_PORTF_AFSEL_R
                               EQU              0x40025420
   38 00000000 40025510 
                       GPIO_PORTF_PUR_R
                               EQU              0x40025510
   39 00000000 4002551C 
                       GPIO_PORTF_DEN_R
                               EQU              0x4002551C
   40 00000000 40025520 
                       GPIO_PORTF_LOCK_R
                               EQU              0x40025520
   41 00000000 40025524 
                       GPIO_PORTF_CR_R
                               EQU              0x40025524
   42 00000000 4C4F434B 
                       GPIO_LOCK_KEY
                               EQU              0x4C4F434B  ; Unlocks the GPIO_
                                                            CR register
   43 00000000 400FE608 
                       SYSCTL_RCGCGPIO_R
                               EQU              0x400FE608
   44 00000000         
   45 00000000 007A1200 
                       CYCLE_TIME
                               EQU              8000000
   46 00000000 00027100 
                       CYCLE_TIME_100Hz
                               EQU              160000
   47 00000000         
   48 00000000         ;SIN_WAVE DCD 0,631,2513,5618,9895,15279,21683,29006,371
                       34,45938,55279,65009,74977,85023,94991,104721,114062,122
                       866,130994,138317,144721,150105,154382,157487,159369,160
                       000,159369,157487,154382,150105,144721,138317,130994,122
                       866,114062,104721,94991,85023,74977,65009,55279,45938,37
                       134,29006,21683,15279,9895,5618,2513,631
   49 00000000         
   50 00000000                 IMPORT           TExaS_Init
   51 00000000                 THUMB
   52 00000000                 AREA             DATA, ALIGN=2
   53 00000000         ;global variables go here
   54 00000000         
   55 00000000         
   56 00000000                 AREA             |.text|, CODE, READONLY, ALIGN=
2
   57 00000000                 THUMB
   58 00000000                 EXPORT           Start
   59 00000000         Start
   60 00000000         ; TExaS_Init sets bus clock at 80 MHz
   61 00000000 F7FF FFFE       BL               TExaS_Init  ; voltmeter, scope 
                                                            on PD3
   62 00000004         ; Initialization goes here



ARM Macro Assembler    Page 3 


   63 00000004 4B5F            LDR              R3, =SYSCTL_RCGCGPIO_R
   64 00000006 681C            LDR              R4, [R3]
   65 00000008 F044 0430       ORR              R4, #3<<4
   66 0000000C 601C            STR              R4, [R3]
   67 0000000E BF00            NOP
   68 00000010 BF00            NOP
   69 00000012         
   70 00000012 4B5D            LDR              R3, =GPIO_PORTE_DIR_R
   71 00000014 681C            LDR              R4, [R3]
   72 00000016 F044 0404       ORR              R4, #4
   73 0000001A F024 0402       BIC              R4, #2
   74 0000001E 601C            STR              R4, [R3]
   75 00000020 4B5A            LDR              R3, =GPIO_PORTE_DEN_R
   76 00000022 681C            LDR              R4, [R3]
   77 00000024 F044 0406       ORR              R4, #3<<1
   78 00000028 601C            STR              R4, [R3]
   79 0000002A         
   80 0000002A 4B59            LDR              R3, =GPIO_PORTF_LOCK_R
   81 0000002C 4C59            LDR              R4, =0x4C4F434B
   82 0000002E 601C            STR              R4, [R3]
   83 00000030 4B59            LDR              R3, =GPIO_PORTF_CR_R
   84 00000032 681C            LDR              R4, [R3]
   85 00000034 F044 0410       ORR              R4, #1<<4
   86 00000038 601C            STR              R4, [R3]
   87 0000003A 4B58            LDR              R3, =GPIO_PORTF_DEN_R
   88 0000003C 681C            LDR              R4, [R3]
   89 0000003E F044 0410       ORR              R4, #1<<4
   90 00000042 601C            STR              R4, [R3]
   91 00000044 4B56            LDR              R3, =GPIO_PORTF_DIR_R
   92 00000046 681C            LDR              R4, [R3]
   93 00000048 F024 0410       BIC              R4, #1<<4
   94 0000004C 601C            STR              R4, [R3]
   95 0000004E 4B55            LDR              R3, =GPIO_PORTF_PUR_R
   96 00000050 681C            LDR              R4, [R3]
   97 00000052 F044 0410       ORR              R4, #1<<4
   98 00000056 601C            STR              R4, [R3]
   99 00000058         
  100 00000058 4F53            LDR              R7, =4000000 ;2400000 "on" time
                                                            
  101 0000005A         
  102 0000005A B662            CPSIE            I           ; TExaS voltmeter, 
                                                            scope runs on inter
                                                            rupts
  103 0000005C         loop
  104 0000005C         ; main engine goes here
  105 0000005C         
  106 0000005C         
  107 0000005C F000 F806       BL               checkButton1
  108 00000060 F000 F845       BL               checkButton2
  109 00000064         
  110 00000064 4638            MOV              R0, R7
  111 00000066 F000 F82E       BL               run_cycle
  112 0000006A E7F7            B                loop
  113 0000006C         
  114 0000006C         checkButton1
  115 0000006C B570            PUSH             {R4, R5, R6, LR}
  116 0000006E 4C4F            LDR              R4, =GPIO_PORTE_DATA_R
  117 00000070 6825            LDR              R5, [R4]
  118 00000072 F005 0502       AND              R5, #2



ARM Macro Assembler    Page 4 


  119 00000076 2D00            CMP              R5, #0
  120 00000078 D802            BHI              buttonPressed
  121 0000007A E8BD 4070       POP{R4,R5,R6,LR}
  122 0000007E 4770            BX               LR
  123 00000080         buttonPressed
  124 00000080 4C4A            LDR              R4, =GPIO_PORTE_DATA_R
  125 00000082 F04F 0500       MOV              R5, #0
  126 00000086 6025            STR              R5, [R4]
  127 00000088 F000 F805       BL               incrementDutyCycle
  128 0000008C F000 F80E       BL               waitButton1Release
  129 00000090 E8BD 4070       POP              {R4, R5, R6, LR}
  130 00000094 4770            BX               LR
  131 00000096         
  132 00000096         
  133 00000096         incrementDutyCycle
  134 00000096 B430            PUSH             {R4,R5}
  135 00000098 4C45            LDR              R4, =1600000
  136 0000009A 4427            ADD              R7, R4
  137 0000009C 4C45            LDR              R4, =8000000
  138 0000009E 42A7            CMP              R7, R4
  139 000000A0 D801            BHI              reset
  140 000000A2 BC30            POP              {R4,R5}
  141 000000A4 4770            BX               LR
  142 000000A6         reset
  143 000000A6 4F44            LDR              R7, =800000
  144 000000A8 BC30            POP              {R4,R5}
  145 000000AA 4770            BX               LR
  146 000000AC         
  147 000000AC         waitButton1Release
  148 000000AC B430            PUSH             {R4,R5}
  149 000000AE         loopButton1Release
  150 000000AE 4C3F            LDR              R4, =GPIO_PORTE_DATA_R
  151 000000B0 6825            LDR              R5, [R4]
  152 000000B2 F005 0502       AND              R5, #2
  153 000000B6 2D00            CMP              R5, #0
  154 000000B8 D8F9            BHI              loopButton1Release
  155 000000BA BC30            POP              {R4,R5}
  156 000000BC 4770            BX               LR
  157 000000BE         
  158 000000BE         ; R0 has delay
  159 000000BE         wait
  160 000000BE 3801            SUBS             R0, #1
  161 000000C0 2800            CMP              R0, #0
  162 000000C2 DCFC            BGT              wait
  163 000000C4 4770            BX               LR
  164 000000C6         
  165 000000C6         ; R0 has "on" time
  166 000000C6         run_cycle
  167 000000C6 B570            PUSH             {R6, R4, R5, LR}
  168 000000C8         
  169 000000C8 4E3A            LDR              R6, =CYCLE_TIME
  170 000000CA EBA6 0400       SUB              R4, R6, R0  ; R4 is "off" time
  171 000000CE         
  172 000000CE 4E37            LDR              R6, =GPIO_PORTE_DATA_R ; ON
  173 000000D0 F04F 0504       MOV              R5, #4
  174 000000D4 6035            STR              R5, [R6]
  175 000000D6 F7FF FFF2       BL               wait
  176 000000DA         
  177 000000DA 4E34            LDR              R6, =GPIO_PORTE_DATA_R ; OFF



ARM Macro Assembler    Page 5 


  178 000000DC F04F 0500       MOV              R5, #0
  179 000000E0 6035            STR              R5, [R6]
  180 000000E2 4620            MOV              R0, R4
  181 000000E4 F7FF FFEB       BL               wait
  182 000000E8         
  183 000000E8 E8BD 4070       POP              {LR, R5, R4, R6}
  184 000000EC 4770            BX               LR
  185 000000EE         
  186 000000EE         checkButton2
  187 000000EE B5B0            PUSH             {R4, R5, R7, LR}
  188 000000F0 4C32            LDR              R4, =GPIO_PORTF_DATA_R
  189 000000F2 6825            LDR              R5, [R4]
  190 000000F4 F005 0510       AND              R5, #1<<4
  191 000000F8 2D01            CMP              R5, #1
  192 000000FA D302            BLO              buttonPressed2
  193 000000FC E8BD 4070       POP{R4,R5,R6,LR}
  194 00000100 4770            BX               LR
  195 00000102         buttonPressed2
  196 00000102 4C2A            LDR              R4, =GPIO_PORTE_DATA_R
  197 00000104 F04F 0500       MOV              R5, #0
  198 00000108 6025            STR              R5, [R4]
  199 0000010A F44F 577A       LDR              R7, =16000
  200 0000010E F44F 767A       LDR              R6, =1000
  201 00000112 F000 F803       BL               breathe
  202 00000116 E8BD 40B0       POP              {R4, R5, R7, LR}
  203 0000011A 4770            BX               LR
  204 0000011C         
  205 0000011C         breathe
  206 0000011C B570            PUSH             {R6, R4, R5, LR}
  207 0000011E         breatheAgain
  208 0000011E 4638            MOV              R0, R7
  209 00000120 4C26            LDR              R4, =GPIO_PORTF_DATA_R
  210 00000122 6825            LDR              R5, [R4]
  211 00000124 F005 0510       AND              R5, #1<<4
  212 00000128 2D01            CMP              R5, #1
  213 0000012A D302            BLO              keepBreathing
  214 0000012C E8BD 4070       POP              {R6,R4,R5,LR}
  215 00000130 4770            BX               LR
  216 00000132         keepBreathing
  217 00000132 4437            ADD              R7, R7, R6
  218 00000134 4C22            LDR              R4, =160000
  219 00000136 42A7            CMP              R7, R4
  220 00000138 D806            BHI              reset1
  221 0000013A E92D 4800       PUSH             {LR, R11}
  222 0000013E F000 F80C       BL               run_cycle_100Hz
  223 00000142 E8BD 4800       POP              {LR, R11}
  224 00000146 E7EA            B                breatheAgain
  225 00000148         reset1
  226 00000148 F44F 577A       LDR              R7, =16000
  227 0000014C E92D 4800       PUSH             {LR, R11}
  228 00000150 F000 F803       BL               run_cycle_100Hz
  229 00000154 E8BD 4800       POP              {LR, R11}
  230 00000158 E7E1            B                breatheAgain
  231 0000015A         
  232 0000015A         ; R0 has "on" time
  233 0000015A         run_cycle_100Hz
  234 0000015A B570            PUSH             {LR, R5, R4, R6}
  235 0000015C 4E18            LDR              R6, =CYCLE_TIME_100Hz
  236 0000015E EBA6 0400       SUB              R4, R6, R0  ; R4 is "off" time



ARM Macro Assembler    Page 6 


  237 00000162         
  238 00000162 4E12            LDR              R6, =GPIO_PORTE_DATA_R ; ON
  239 00000164 F04F 0504       MOV              R5, #4
  240 00000168 6035            STR              R5, [R6]
  241 0000016A F7FF FFA8       BL               wait
  242 0000016E         
  243 0000016E 4E0F            LDR              R6, =GPIO_PORTE_DATA_R ; OFF
  244 00000170 F04F 0500       MOV              R5, #0
  245 00000174 6035            STR              R5, [R6]
  246 00000176 4620            MOV              R0, R4
  247 00000178 F7FF FFA1       BL               wait
  248 0000017C         
  249 0000017C E8BD 4070       POP              {LR, R5, R4, R6}
  250 00000180 4770            BX               LR
  251 00000182         
  252 00000182         
  253 00000182 00 00           ALIGN                        ; make sure the end
                                                             of this section is
                                                             aligned
  254 00000184                 END                          ; end of file
              400FE608 
              40024400 
              4002451C 
              40025520 
              4C4F434B 
              40025524 
              4002551C 
              40025400 
              40025510 
              003D0900 
              400243FC 
              00186A00 
              007A1200 
              000C3500 
              400253FC 
              00027100 
Command Line: --debug --xref --diag_suppress=9931 --cpu=Cortex-M4 --apcs=interw
ork --depend=.\main.d -o.\main.o -I.\RTE\_Lab3 -IC:\Users\dakau\AppData\Local\A
rm\Packs\ARM\CMSIS\5.6.0\CMSIS\Core\Include -IC:\Users\dakau\AppData\Local\Arm\
Packs\Keil\TM4C_DFP\1.1.0\Device\Include\TM4C123 --predefine="__EVAL SETA 1" --
predefine="__UVISION_VERSION SETA 529" --predefine="_RTE_ SETA 1" --predefine="
TM4C123GH6PM SETA 1" --list=.\main.lst main.s



ARM Macro Assembler    Page 1 Alphabetic symbol ordering
Relocatable symbols

DATA 00000000

Symbol: DATA
   Definitions
      At line 52 in file main.s
   Uses
      None
Comment: DATA unused
1 symbol



ARM Macro Assembler    Page 1 Alphabetic symbol ordering
Relocatable symbols

.text 00000000

Symbol: .text
   Definitions
      At line 56 in file main.s
   Uses
      None
Comment: .text unused
Start 00000000

Symbol: Start
   Definitions
      At line 59 in file main.s
   Uses
      At line 58 in file main.s
Comment: Start used once
breathe 0000011C

Symbol: breathe
   Definitions
      At line 205 in file main.s
   Uses
      At line 201 in file main.s
Comment: breathe used once
breatheAgain 0000011E

Symbol: breatheAgain
   Definitions
      At line 207 in file main.s
   Uses
      At line 224 in file main.s
      At line 230 in file main.s

buttonPressed 00000080

Symbol: buttonPressed
   Definitions
      At line 123 in file main.s
   Uses
      At line 120 in file main.s
Comment: buttonPressed used once
buttonPressed2 00000102

Symbol: buttonPressed2
   Definitions
      At line 195 in file main.s
   Uses
      At line 192 in file main.s
Comment: buttonPressed2 used once
checkButton1 0000006C

Symbol: checkButton1
   Definitions
      At line 114 in file main.s
   Uses
      At line 107 in file main.s
Comment: checkButton1 used once
checkButton2 000000EE




ARM Macro Assembler    Page 2 Alphabetic symbol ordering
Relocatable symbols

Symbol: checkButton2
   Definitions
      At line 186 in file main.s
   Uses
      At line 108 in file main.s
Comment: checkButton2 used once
incrementDutyCycle 00000096

Symbol: incrementDutyCycle
   Definitions
      At line 133 in file main.s
   Uses
      At line 127 in file main.s
Comment: incrementDutyCycle used once
keepBreathing 00000132

Symbol: keepBreathing
   Definitions
      At line 216 in file main.s
   Uses
      At line 213 in file main.s
Comment: keepBreathing used once
loop 0000005C

Symbol: loop
   Definitions
      At line 103 in file main.s
   Uses
      At line 112 in file main.s
Comment: loop used once
loopButton1Release 000000AE

Symbol: loopButton1Release
   Definitions
      At line 149 in file main.s
   Uses
      At line 154 in file main.s
Comment: loopButton1Release used once
reset 000000A6

Symbol: reset
   Definitions
      At line 142 in file main.s
   Uses
      At line 139 in file main.s
Comment: reset used once
reset1 00000148

Symbol: reset1
   Definitions
      At line 225 in file main.s
   Uses
      At line 220 in file main.s
Comment: reset1 used once
run_cycle 000000C6

Symbol: run_cycle
   Definitions
      At line 166 in file main.s



ARM Macro Assembler    Page 3 Alphabetic symbol ordering
Relocatable symbols

   Uses
      At line 111 in file main.s
Comment: run_cycle used once
run_cycle_100Hz 0000015A

Symbol: run_cycle_100Hz
   Definitions
      At line 233 in file main.s
   Uses
      At line 222 in file main.s
      At line 228 in file main.s

wait 000000BE

Symbol: wait
   Definitions
      At line 159 in file main.s
   Uses
      At line 162 in file main.s
      At line 175 in file main.s
      At line 181 in file main.s
      At line 241 in file main.s
      At line 247 in file main.s

waitButton1Release 000000AC

Symbol: waitButton1Release
   Definitions
      At line 147 in file main.s
   Uses
      At line 128 in file main.s
Comment: waitButton1Release used once
18 symbols



ARM Macro Assembler    Page 1 Alphabetic symbol ordering
Absolute symbols

CYCLE_TIME 007A1200

Symbol: CYCLE_TIME
   Definitions
      At line 45 in file main.s
   Uses
      At line 169 in file main.s
Comment: CYCLE_TIME used once
CYCLE_TIME_100Hz 00027100

Symbol: CYCLE_TIME_100Hz
   Definitions
      At line 46 in file main.s
   Uses
      At line 235 in file main.s
Comment: CYCLE_TIME_100Hz used once
GPIO_LOCK_KEY 4C4F434B

Symbol: GPIO_LOCK_KEY
   Definitions
      At line 42 in file main.s
   Uses
      None
Comment: GPIO_LOCK_KEY unused
GPIO_PORTE_AFSEL_R 40024420

Symbol: GPIO_PORTE_AFSEL_R
   Definitions
      At line 32 in file main.s
   Uses
      None
Comment: GPIO_PORTE_AFSEL_R unused
GPIO_PORTE_DATA_R 400243FC

Symbol: GPIO_PORTE_DATA_R
   Definitions
      At line 30 in file main.s
   Uses
      At line 116 in file main.s
      At line 124 in file main.s
      At line 150 in file main.s
      At line 172 in file main.s
      At line 177 in file main.s
      At line 196 in file main.s
      At line 238 in file main.s
      At line 243 in file main.s

GPIO_PORTE_DEN_R 4002451C

Symbol: GPIO_PORTE_DEN_R
   Definitions
      At line 33 in file main.s
   Uses
      At line 75 in file main.s
Comment: GPIO_PORTE_DEN_R used once
GPIO_PORTE_DIR_R 40024400

Symbol: GPIO_PORTE_DIR_R
   Definitions



ARM Macro Assembler    Page 2 Alphabetic symbol ordering
Absolute symbols

      At line 31 in file main.s
   Uses
      At line 70 in file main.s
Comment: GPIO_PORTE_DIR_R used once
GPIO_PORTF_AFSEL_R 40025420

Symbol: GPIO_PORTF_AFSEL_R
   Definitions
      At line 37 in file main.s
   Uses
      None
Comment: GPIO_PORTF_AFSEL_R unused
GPIO_PORTF_CR_R 40025524

Symbol: GPIO_PORTF_CR_R
   Definitions
      At line 41 in file main.s
   Uses
      At line 83 in file main.s
Comment: GPIO_PORTF_CR_R used once
GPIO_PORTF_DATA_R 400253FC

Symbol: GPIO_PORTF_DATA_R
   Definitions
      At line 35 in file main.s
   Uses
      At line 188 in file main.s
      At line 209 in file main.s

GPIO_PORTF_DEN_R 4002551C

Symbol: GPIO_PORTF_DEN_R
   Definitions
      At line 39 in file main.s
   Uses
      At line 87 in file main.s
Comment: GPIO_PORTF_DEN_R used once
GPIO_PORTF_DIR_R 40025400

Symbol: GPIO_PORTF_DIR_R
   Definitions
      At line 36 in file main.s
   Uses
      At line 91 in file main.s
Comment: GPIO_PORTF_DIR_R used once
GPIO_PORTF_LOCK_R 40025520

Symbol: GPIO_PORTF_LOCK_R
   Definitions
      At line 40 in file main.s
   Uses
      At line 80 in file main.s
Comment: GPIO_PORTF_LOCK_R used once
GPIO_PORTF_PUR_R 40025510

Symbol: GPIO_PORTF_PUR_R
   Definitions
      At line 38 in file main.s
   Uses



ARM Macro Assembler    Page 3 Alphabetic symbol ordering
Absolute symbols

      At line 95 in file main.s
Comment: GPIO_PORTF_PUR_R used once
SYSCTL_RCGCGPIO_R 400FE608

Symbol: SYSCTL_RCGCGPIO_R
   Definitions
      At line 43 in file main.s
   Uses
      At line 63 in file main.s
Comment: SYSCTL_RCGCGPIO_R used once
15 symbols



ARM Macro Assembler    Page 1 Alphabetic symbol ordering
External symbols

TExaS_Init 00000000

Symbol: TExaS_Init
   Definitions
      At line 50 in file main.s
   Uses
      At line 61 in file main.s
Comment: TExaS_Init used once
1 symbol
371 symbols in table
